{"/Users/tk/Desktop/CSI/Server/src/app.ts": {"path":"/Users/tk/Desktop/CSI/Server/src/app.ts","statementMap":{"0":{"start":{"line":4,"column":12},"end":{"line":4,"column":21}},"1":{"start":{"line":5,"column":0},"end":{"line":5,"column":24}},"2":{"start":{"line":6,"column":0},"end":{"line":6,"column":16}},"3":{"start":{"line":8,"column":0},"end":{"line":8,"column":16}},"4":{"start":{"line":10,"column":0},"end":{"line":16,"column":2}},"5":{"start":{"line":18,"column":0},"end":{"line":18,"column":40}}},"fnMap":{},"branchMap":{},"s":{"0":0,"1":0,"2":0,"3":0,"4":0,"5":0},"f":{},"b":{}}
,"/Users/tk/Desktop/CSI/Server/src/server.ts": {"path":"/Users/tk/Desktop/CSI/Server/src/server.ts","statementMap":{"0":{"start":{"line":4,"column":0},"end":{"line":4,"column":16}},"1":{"start":{"line":6,"column":18},"end":{"line":14,"column":1}},"2":{"start":{"line":7,"column":2},"end":{"line":13,"column":3}},"3":{"start":{"line":8,"column":17},"end":{"line":8,"column":75}},"4":{"start":{"line":9,"column":4},"end":{"line":9,"column":62}},"5":{"start":{"line":11,"column":4},"end":{"line":11,"column":37}},"6":{"start":{"line":12,"column":4},"end":{"line":12,"column":20}},"7":{"start":{"line":16,"column":0},"end":{"line":16,"column":12}},"8":{"start":{"line":17,"column":13},"end":{"line":17,"column":29}},"9":{"start":{"line":18,"column":0},"end":{"line":20,"column":3}},"10":{"start":{"line":19,"column":2},"end":{"line":19,"column":63}}},"fnMap":{"0":{"name":"(anonymous_0)","decl":{"start":{"line":6,"column":18},"end":{"line":6,"column":19}},"loc":{"start":{"line":6,"column":30},"end":{"line":14,"column":1}},"line":6},"1":{"name":"(anonymous_1)","decl":{"start":{"line":18,"column":17},"end":{"line":18,"column":18}},"loc":{"start":{"line":18,"column":23},"end":{"line":20,"column":1}},"line":18}},"branchMap":{},"s":{"0":0,"1":0,"2":0,"3":0,"4":0,"5":0,"6":0,"7":0,"8":0,"9":0,"10":0},"f":{"0":0,"1":0},"b":{}}
,"/Users/tk/Desktop/CSI/Server/src/controller/login.ts": {"path":"/Users/tk/Desktop/CSI/Server/src/controller/login.ts","statementMap":{},"fnMap":{},"branchMap":{},"s":{},"f":{},"b":{}}
,"/Users/tk/Desktop/CSI/Server/src/controller/paginate.ts": {"path":"/Users/tk/Desktop/CSI/Server/src/controller/paginate.ts","statementMap":{"0":{"start":{"line":4,"column":26},"end":{"line":113,"column":1}},"1":{"start":{"line":5,"column":2},"end":{"line":112,"column":3}},"2":{"start":{"line":6,"column":30},"end":{"line":6,"column":38}},"3":{"start":{"line":8,"column":4},"end":{"line":13,"column":5}},"4":{"start":{"line":9,"column":6},"end":{"line":12,"column":9}},"5":{"start":{"line":15,"column":25},"end":{"line":15,"column":40}},"6":{"start":{"line":17,"column":23},"end":{"line":17,"column":57}},"7":{"start":{"line":19,"column":4},"end":{"line":24,"column":5}},"8":{"start":{"line":20,"column":6},"end":{"line":23,"column":9}},"9":{"start":{"line":26,"column":4},"end":{"line":32,"column":5}},"10":{"start":{"line":27,"column":6},"end":{"line":31,"column":9}},"11":{"start":{"line":36,"column":4},"end":{"line":80,"column":5}},"12":{"start":{"line":37,"column":6},"end":{"line":37,"column":33}},"13":{"start":{"line":38,"column":11},"end":{"line":80,"column":5}},"14":{"start":{"line":39,"column":6},"end":{"line":57,"column":7}},"15":{"start":{"line":40,"column":21},"end":{"line":44,"column":54}},"16":{"start":{"line":46,"column":8},"end":{"line":56,"column":11}},"17":{"start":{"line":58,"column":6},"end":{"line":58,"column":37}},"18":{"start":{"line":60,"column":6},"end":{"line":78,"column":7}},"19":{"start":{"line":61,"column":21},"end":{"line":65,"column":54}},"20":{"start":{"line":67,"column":8},"end":{"line":77,"column":11}},"21":{"start":{"line":79,"column":6},"end":{"line":79,"column":37}},"22":{"start":{"line":82,"column":17},"end":{"line":86,"column":50}},"23":{"start":{"line":88,"column":4},"end":{"line":93,"column":5}},"24":{"start":{"line":89,"column":6},"end":{"line":92,"column":9}},"25":{"start":{"line":95,"column":4},"end":{"line":104,"column":7}},"26":{"start":{"line":106,"column":4},"end":{"line":106,"column":52}},"27":{"start":{"line":107,"column":4},"end":{"line":111,"column":7}}},"fnMap":{"0":{"name":"(anonymous_0)","decl":{"start":{"line":4,"column":26},"end":{"line":4,"column":27}},"loc":{"start":{"line":4,"column":65},"end":{"line":113,"column":1}},"line":4}},"branchMap":{"0":{"loc":{"start":{"line":8,"column":4},"end":{"line":13,"column":5}},"type":"if","locations":[{"start":{"line":8,"column":4},"end":{"line":13,"column":5}},{"start":{},"end":{}}],"line":8},"1":{"loc":{"start":{"line":19,"column":4},"end":{"line":24,"column":5}},"type":"if","locations":[{"start":{"line":19,"column":4},"end":{"line":24,"column":5}},{"start":{},"end":{}}],"line":19},"2":{"loc":{"start":{"line":26,"column":4},"end":{"line":32,"column":5}},"type":"if","locations":[{"start":{"line":26,"column":4},"end":{"line":32,"column":5}},{"start":{},"end":{}}],"line":26},"3":{"loc":{"start":{"line":26,"column":8},"end":{"line":26,"column":54}},"type":"binary-expr","locations":[{"start":{"line":26,"column":8},"end":{"line":26,"column":24}},{"start":{"line":26,"column":28},"end":{"line":26,"column":54}}],"line":26},"4":{"loc":{"start":{"line":36,"column":4},"end":{"line":80,"column":5}},"type":"if","locations":[{"start":{"line":36,"column":4},"end":{"line":80,"column":5}},{"start":{"line":38,"column":11},"end":{"line":80,"column":5}}],"line":36},"5":{"loc":{"start":{"line":36,"column":8},"end":{"line":36,"column":47}},"type":"binary-expr","locations":[{"start":{"line":36,"column":8},"end":{"line":36,"column":28}},{"start":{"line":36,"column":32},"end":{"line":36,"column":47}}],"line":36},"6":{"loc":{"start":{"line":38,"column":11},"end":{"line":80,"column":5}},"type":"if","locations":[{"start":{"line":38,"column":11},"end":{"line":80,"column":5}},{"start":{"line":59,"column":11},"end":{"line":80,"column":5}}],"line":38},"7":{"loc":{"start":{"line":39,"column":6},"end":{"line":57,"column":7}},"type":"if","locations":[{"start":{"line":39,"column":6},"end":{"line":57,"column":7}},{"start":{},"end":{}}],"line":39},"8":{"loc":{"start":{"line":60,"column":6},"end":{"line":78,"column":7}},"type":"if","locations":[{"start":{"line":60,"column":6},"end":{"line":78,"column":7}},{"start":{},"end":{}}],"line":60},"9":{"loc":{"start":{"line":88,"column":4},"end":{"line":93,"column":5}},"type":"if","locations":[{"start":{"line":88,"column":4},"end":{"line":93,"column":5}},{"start":{},"end":{}}],"line":88}},"s":{"0":0,"1":0,"2":0,"3":0,"4":0,"5":0,"6":0,"7":0,"8":0,"9":0,"10":0,"11":0,"12":0,"13":0,"14":0,"15":0,"16":0,"17":0,"18":0,"19":0,"20":0,"21":0,"22":0,"23":0,"24":0,"25":0,"26":0,"27":0},"f":{"0":0},"b":{"0":[0,0],"1":[0,0],"2":[0,0],"3":[0,0],"4":[0,0],"5":[0,0],"6":[0,0],"7":[0,0],"8":[0,0],"9":[0,0]}}
,"/Users/tk/Desktop/CSI/Server/src/controller/register.ts": {"path":"/Users/tk/Desktop/CSI/Server/src/controller/register.ts","statementMap":{"0":{"start":{"line":9,"column":19},"end":{"line":9,"column":53}},"1":{"start":{"line":11,"column":24},"end":{"line":59,"column":1}},"2":{"start":{"line":12,"column":2},"end":{"line":58,"column":3}},"3":{"start":{"line":13,"column":62},"end":{"line":13,"column":70}},"4":{"start":{"line":15,"column":4},"end":{"line":21,"column":5}},"5":{"start":{"line":16,"column":6},"end":{"line":20,"column":9}},"6":{"start":{"line":22,"column":20},"end":{"line":22,"column":46}},"7":{"start":{"line":23,"column":23},"end":{"line":23,"column":50}},"8":{"start":{"line":25,"column":18},"end":{"line":27,"column":6}},"9":{"start":{"line":29,"column":21},"end":{"line":29,"column":66}},"10":{"start":{"line":30,"column":21},"end":{"line":30,"column":37}},"11":{"start":{"line":32,"column":23},"end":{"line":40,"column":5}},"12":{"start":{"line":41,"column":19},"end":{"line":41,"column":69}},"13":{"start":{"line":42,"column":4},"end":{"line":51,"column":5}},"14":{"start":{"line":43,"column":6},"end":{"line":50,"column":9}},"15":{"start":{"line":53,"column":4},"end":{"line":53,"column":23}},"16":{"start":{"line":54,"column":4},"end":{"line":57,"column":7}},"17":{"start":{"line":61,"column":21},"end":{"line":127,"column":1}},"18":{"start":{"line":62,"column":2},"end":{"line":126,"column":3}},"19":{"start":{"line":63,"column":35},"end":{"line":63,"column":43}},"20":{"start":{"line":65,"column":4},"end":{"line":71,"column":5}},"21":{"start":{"line":66,"column":6},"end":{"line":70,"column":9}},"22":{"start":{"line":73,"column":19},"end":{"line":73,"column":58}},"23":{"start":{"line":74,"column":4},"end":{"line":87,"column":5}},"24":{"start":{"line":75,"column":6},"end":{"line":78,"column":9}},"25":{"start":{"line":80,"column":6},"end":{"line":86,"column":7}},"26":{"start":{"line":81,"column":8},"end":{"line":85,"column":11}},"27":{"start":{"line":89,"column":4},"end":{"line":119,"column":5}},"28":{"start":{"line":90,"column":20},"end":{"line":97,"column":7}},"29":{"start":{"line":99,"column":6},"end":{"line":118,"column":7}},"30":{"start":{"line":100,"column":24},"end":{"line":103,"column":10}},"31":{"start":{"line":105,"column":8},"end":{"line":117,"column":9}},"32":{"start":{"line":106,"column":10},"end":{"line":116,"column":13}},"33":{"start":{"line":121,"column":4},"end":{"line":121,"column":23}},"34":{"start":{"line":122,"column":4},"end":{"line":125,"column":7}},"35":{"start":{"line":129,"column":23},"end":{"line":168,"column":1}},"36":{"start":{"line":130,"column":16},"end":{"line":130,"column":59}},"37":{"start":{"line":131,"column":2},"end":{"line":167,"column":3}},"38":{"start":{"line":132,"column":4},"end":{"line":137,"column":5}},"39":{"start":{"line":133,"column":6},"end":{"line":136,"column":9}},"40":{"start":{"line":139,"column":4},"end":{"line":148,"column":7}},"41":{"start":{"line":140,"column":6},"end":{"line":147,"column":7}},"42":{"start":{"line":141,"column":8},"end":{"line":146,"column":11}},"43":{"start":{"line":150,"column":19},"end":{"line":150,"column":51}},"44":{"start":{"line":152,"column":4},"end":{"line":160,"column":5}},"45":{"start":{"line":153,"column":6},"end":{"line":159,"column":9}},"46":{"start":{"line":162,"column":4},"end":{"line":162,"column":23}},"47":{"start":{"line":163,"column":4},"end":{"line":166,"column":7}}},"fnMap":{"0":{"name":"(anonymous_0)","decl":{"start":{"line":11,"column":24},"end":{"line":11,"column":25}},"loc":{"start":{"line":11,"column":63},"end":{"line":59,"column":1}},"line":11},"1":{"name":"(anonymous_1)","decl":{"start":{"line":61,"column":21},"end":{"line":61,"column":22}},"loc":{"start":{"line":61,"column":60},"end":{"line":127,"column":1}},"line":61},"2":{"name":"(anonymous_2)","decl":{"start":{"line":129,"column":23},"end":{"line":129,"column":24}},"loc":{"start":{"line":129,"column":62},"end":{"line":168,"column":1}},"line":129},"3":{"name":"(anonymous_3)","decl":{"start":{"line":139,"column":34},"end":{"line":139,"column":35}},"loc":{"start":{"line":139,"column":59},"end":{"line":148,"column":5}},"line":139}},"branchMap":{"0":{"loc":{"start":{"line":9,"column":19},"end":{"line":9,"column":53}},"type":"binary-expr","locations":[{"start":{"line":9,"column":19},"end":{"line":9,"column":41}},{"start":{"line":9,"column":45},"end":{"line":9,"column":53}}],"line":9},"1":{"loc":{"start":{"line":15,"column":4},"end":{"line":21,"column":5}},"type":"if","locations":[{"start":{"line":15,"column":4},"end":{"line":21,"column":5}},{"start":{},"end":{}}],"line":15},"2":{"loc":{"start":{"line":15,"column":8},"end":{"line":15,"column":66}},"type":"binary-expr","locations":[{"start":{"line":15,"column":8},"end":{"line":15,"column":18}},{"start":{"line":15,"column":22},"end":{"line":15,"column":31}},{"start":{"line":15,"column":35},"end":{"line":15,"column":45}},{"start":{"line":15,"column":49},"end":{"line":15,"column":56}},{"start":{"line":15,"column":60},"end":{"line":15,"column":66}}],"line":15},"3":{"loc":{"start":{"line":42,"column":4},"end":{"line":51,"column":5}},"type":"if","locations":[{"start":{"line":42,"column":4},"end":{"line":51,"column":5}},{"start":{},"end":{}}],"line":42},"4":{"loc":{"start":{"line":65,"column":4},"end":{"line":71,"column":5}},"type":"if","locations":[{"start":{"line":65,"column":4},"end":{"line":71,"column":5}},{"start":{},"end":{}}],"line":65},"5":{"loc":{"start":{"line":65,"column":8},"end":{"line":65,"column":30}},"type":"binary-expr","locations":[{"start":{"line":65,"column":8},"end":{"line":65,"column":17}},{"start":{"line":65,"column":21},"end":{"line":65,"column":30}}],"line":65},"6":{"loc":{"start":{"line":74,"column":4},"end":{"line":87,"column":5}},"type":"if","locations":[{"start":{"line":74,"column":4},"end":{"line":87,"column":5}},{"start":{"line":79,"column":11},"end":{"line":87,"column":5}}],"line":74},"7":{"loc":{"start":{"line":80,"column":6},"end":{"line":86,"column":7}},"type":"if","locations":[{"start":{"line":80,"column":6},"end":{"line":86,"column":7}},{"start":{},"end":{}}],"line":80},"8":{"loc":{"start":{"line":89,"column":4},"end":{"line":119,"column":5}},"type":"if","locations":[{"start":{"line":89,"column":4},"end":{"line":119,"column":5}},{"start":{},"end":{}}],"line":89},"9":{"loc":{"start":{"line":99,"column":6},"end":{"line":118,"column":7}},"type":"if","locations":[{"start":{"line":99,"column":6},"end":{"line":118,"column":7}},{"start":{},"end":{}}],"line":99},"10":{"loc":{"start":{"line":105,"column":8},"end":{"line":117,"column":9}},"type":"if","locations":[{"start":{"line":105,"column":8},"end":{"line":117,"column":9}},{"start":{},"end":{}}],"line":105},"11":{"loc":{"start":{"line":132,"column":4},"end":{"line":137,"column":5}},"type":"if","locations":[{"start":{"line":132,"column":4},"end":{"line":137,"column":5}},{"start":{},"end":{}}],"line":132},"12":{"loc":{"start":{"line":140,"column":6},"end":{"line":147,"column":7}},"type":"if","locations":[{"start":{"line":140,"column":6},"end":{"line":147,"column":7}},{"start":{},"end":{}}],"line":140},"13":{"loc":{"start":{"line":152,"column":4},"end":{"line":160,"column":5}},"type":"if","locations":[{"start":{"line":152,"column":4},"end":{"line":160,"column":5}},{"start":{},"end":{}}],"line":152}},"s":{"0":0,"1":0,"2":0,"3":0,"4":0,"5":0,"6":0,"7":0,"8":0,"9":0,"10":0,"11":0,"12":0,"13":0,"14":0,"15":0,"16":0,"17":0,"18":0,"19":0,"20":0,"21":0,"22":0,"23":0,"24":0,"25":0,"26":0,"27":0,"28":0,"29":0,"30":0,"31":0,"32":0,"33":0,"34":0,"35":0,"36":0,"37":0,"38":0,"39":0,"40":0,"41":0,"42":0,"43":0,"44":0,"45":0,"46":0,"47":0},"f":{"0":0,"1":0,"2":0,"3":0},"b":{"0":[0,0],"1":[0,0],"2":[0,0,0,0,0],"3":[0,0],"4":[0,0],"5":[0,0],"6":[0,0],"7":[0,0],"8":[0,0],"9":[0,0],"10":[0,0],"11":[0,0],"12":[0,0],"13":[0,0]}}
,"/Users/tk/Desktop/CSI/Server/src/model/history.ts": {"path":"/Users/tk/Desktop/CSI/Server/src/model/history.ts","statementMap":{"0":{"start":{"line":8,"column":16},"end":{"line":21,"column":1}}},"fnMap":{},"branchMap":{},"s":{"0":0},"f":{},"b":{}}
,"/Users/tk/Desktop/CSI/Server/src/model/tempAccount.ts": {"path":"/Users/tk/Desktop/CSI/Server/src/model/tempAccount.ts","statementMap":{"0":{"start":{"line":13,"column":26},"end":{"line":39,"column":2}}},"fnMap":{},"branchMap":{},"s":{"0":0},"f":{},"b":{}}
,"/Users/tk/Desktop/CSI/Server/src/routes/registerRoute.ts": {"path":"/Users/tk/Desktop/CSI/Server/src/routes/registerRoute.ts","statementMap":{"0":{"start":{"line":5,"column":15},"end":{"line":5,"column":31}},"1":{"start":{"line":7,"column":0},"end":{"line":7,"column":38}},"2":{"start":{"line":8,"column":0},"end":{"line":8,"column":29}},"3":{"start":{"line":9,"column":0},"end":{"line":9,"column":41}},"4":{"start":{"line":10,"column":0},"end":{"line":10,"column":39}}},"fnMap":{},"branchMap":{},"s":{"0":0,"1":0,"2":0,"3":0,"4":0},"f":{},"b":{}}
}
